<?xml version="1.0" encoding="UTF-8"?>
<!-- Generated by org.testng.reporters.JUnitReportReporter -->
<testsuite hostname="LAPTOP-82F3E13C" failures="0" tests="1" name="seleniumBasics.TestNgAnnotations" time="0.010" errors="0" timestamp="2025-03-12T10:28:28 IST" skipped="0">
  <testcase classname="seleniumBasics.TestNgAnnotations" name="tesCaseSample" time="0.010"/>
</testsuite> <!-- seleniumBasics.TestNgAnnotations -->
