<?xml version="1.0" encoding="UTF-8"?>
<!-- Generated by org.testng.reporters.JUnitReportReporter -->
<testsuite hostname="LAPTOP-82F3E13C" failures="0" tests="4" name="seleniumBasics.LoginTest" time="9.369" errors="0" timestamp="2025-03-18T10:24:26 IST" skipped="0">
  <testcase classname="seleniumBasics.LoginTest" name="verifyWhetherUsercanLoginWithValidcredentials" time="2.806"/>
  <testcase classname="seleniumBasics.LoginTest" name="verifyWhetherUsercanLoginWithInValiduserNameandValidPass" time="1.972"/>
  <testcase classname="seleniumBasics.LoginTest" name="verifyWhetherUsercanLoginWithvalidUserandInValidpass" time="3.064"/>
  <testcase classname="seleniumBasics.LoginTest" name="verifyWhetherUsercanLoginWithInValidcredentials" time="1.527"/>
</testsuite> <!-- seleniumBasics.LoginTest -->
